Determining if the pthread_create exist failed with the following output:
Change Dir: /home/luis/catkin_ws/src/turtlebot3_simulations/moving_obstacles/worlds/build/CMakeFiles/CMakeTmp

Run Build Command:"/usr/bin/make" "cmTC_81ab9/fast"
/usr/bin/make -f CMakeFiles/cmTC_81ab9.dir/build.make CMakeFiles/cmTC_81ab9.dir/build
make[1]: Entering directory '/home/luis/catkin_ws/src/turtlebot3_simulations/moving_obstacles/worlds/build/CMakeFiles/CMakeTmp'
Building C object CMakeFiles/cmTC_81ab9.dir/CheckSymbolExists.c.o
/usr/bin/cc     -o CMakeFiles/cmTC_81ab9.dir/CheckSymbolExists.c.o   -c /home/luis/catkin_ws/src/turtlebot3_simulations/moving_obstacles/worlds/build/CMakeFiles/CMakeTmp/CheckSymbolExists.c
Linking C executable cmTC_81ab9
/usr/bin/cmake -E cmake_link_script CMakeFiles/cmTC_81ab9.dir/link.txt --verbose=1
/usr/bin/cc       CMakeFiles/cmTC_81ab9.dir/CheckSymbolExists.c.o  -o cmTC_81ab9 -rdynamic 
CMakeFiles/cmTC_81ab9.dir/CheckSymbolExists.c.o: In function `main':
CheckSymbolExists.c:(.text+0x16): undefined reference to `pthread_create'
collect2: error: ld returned 1 exit status
CMakeFiles/cmTC_81ab9.dir/build.make:97: recipe for target 'cmTC_81ab9' failed
make[1]: *** [cmTC_81ab9] Error 1
make[1]: Leaving directory '/home/luis/catkin_ws/src/turtlebot3_simulations/moving_obstacles/worlds/build/CMakeFiles/CMakeTmp'
Makefile:126: recipe for target 'cmTC_81ab9/fast' failed
make: *** [cmTC_81ab9/fast] Error 2

File /home/luis/catkin_ws/src/turtlebot3_simulations/moving_obstacles/worlds/build/CMakeFiles/CMakeTmp/CheckSymbolExists.c:
/* */
#include <pthread.h>

int main(int argc, char** argv)
{
  (void)argv;
#ifndef pthread_create
  return ((int*)(&pthread_create))[argc];
#else
  (void)argc;
  return 0;
#endif
}

Determining if the function pthread_create exists in the pthreads failed with the following output:
Change Dir: /home/luis/catkin_ws/src/turtlebot3_simulations/moving_obstacles/worlds/build/CMakeFiles/CMakeTmp

Run Build Command:"/usr/bin/make" "cmTC_bde9f/fast"
/usr/bin/make -f CMakeFiles/cmTC_bde9f.dir/build.make CMakeFiles/cmTC_bde9f.dir/build
make[1]: Entering directory '/home/luis/catkin_ws/src/turtlebot3_simulations/moving_obstacles/worlds/build/CMakeFiles/CMakeTmp'
Building C object CMakeFiles/cmTC_bde9f.dir/CheckFunctionExists.c.o
/usr/bin/cc    -DCHECK_FUNCTION_EXISTS=pthread_create   -o CMakeFiles/cmTC_bde9f.dir/CheckFunctionExists.c.o   -c /usr/share/cmake-3.5/Modules/CheckFunctionExists.c
Linking C executable cmTC_bde9f
/usr/bin/cmake -E cmake_link_script CMakeFiles/cmTC_bde9f.dir/link.txt --verbose=1
/usr/bin/cc   -DCHECK_FUNCTION_EXISTS=pthread_create    CMakeFiles/cmTC_bde9f.dir/CheckFunctionExists.c.o  -o cmTC_bde9f -rdynamic -lpthreads 
/usr/bin/ld: cannot find -lpthreads
collect2: error: ld returned 1 exit status
CMakeFiles/cmTC_bde9f.dir/build.make:97: recipe for target 'cmTC_bde9f' failed
make[1]: *** [cmTC_bde9f] Error 1
make[1]: Leaving directory '/home/luis/catkin_ws/src/turtlebot3_simulations/moving_obstacles/worlds/build/CMakeFiles/CMakeTmp'
Makefile:126: recipe for target 'cmTC_bde9f/fast' failed
make: *** [cmTC_bde9f/fast] Error 2


